A D/29k-share////
A D/ari////
A D/cli////
A D/common////
A D/config////
A D/contrib////
A D/data-directory////
A D/doc////
A D/features////
A D/gdbserver////
A D/gnulib////
A D/mi////
A D/nat////
A D/nindy-share////
A D/nlm////
A D/osf-share////
A D/po////
A D/python////
A D/rdi-share////
A D/regformats////
A D/signals////
A D/stubs////
A D/syscalls////
A D/system-gdbinit////
A D/target////
A D/testsuite////
A D/tui////
A D/vx-share////
R D/vx-share////
R D/target////
R D/system-gdbinit////
R D/signals////
R D/rdi-share////
R D/osf-share////
R D/nlm////
R D/nindy-share////
R D/nat////
R D/ari////
R D/29k-share////
